<?xml version="1.0" encoding="UTF-8"?>
<testsuite xmlns:xsi="http://www.w3.org/2001/XMLSchema-instance" xsi:noNamespaceSchemaLocation="https://maven.apache.org/surefire/maven-surefire-plugin/xsd/surefire-test-report-3.0.xsd" version="3.0" name="runner.TestRunner" time="82.838" tests="12" errors="0" skipped="0" failures="0">
  <properties>
    <property name="java.specification.version" value="17"/>
    <property name="sun.cpu.isalist" value="amd64"/>
    <property name="sun.jnu.encoding" value="Cp1252"/>
    <property name="java.class.path" value="C:\Users\User\eclipse-workspace\CucumberFramework\target\test-classes;C:\Users\User\eclipse-workspace\CucumberFramework\target\classes;C:\Users\User\.m2\repository\io\cucumber\cucumber-java\7.18.0\cucumber-java-7.18.0.jar;C:\Users\User\.m2\repository\org\apiguardian\apiguardian-api\1.1.2\apiguardian-api-1.1.2.jar;C:\Users\User\.m2\repository\io\cucumber\cucumber-junit\7.18.0\cucumber-junit-7.18.0.jar;C:\Users\User\.m2\repository\io\cucumber\cucumber-core\7.18.0\cucumber-core-7.18.0.jar;C:\Users\User\.m2\repository\io\cucumber\cucumber-gherkin-messages\7.18.0\cucumber-gherkin-messages-7.18.0.jar;C:\Users\User\.m2\repository\io\cucumber\gherkin\28.0.0\gherkin-28.0.0.jar;C:\Users\User\.m2\repository\io\cucumber\messages\24.1.0\messages-24.1.0.jar;C:\Users\User\.m2\repository\io\cucumber\testng-xml-formatter\0.1.0\testng-xml-formatter-0.1.0.jar;C:\Users\User\.m2\repository\io\cucumber\query\12.2.0\query-12.2.0.jar;C:\Users\User\.m2\repository\io\cucumber\tag-expressions\6.1.0\tag-expressions-6.1.0.jar;C:\Users\User\.m2\repository\io\cucumber\cucumber-expressions\17.1.0\cucumber-expressions-17.1.0.jar;C:\Users\User\.m2\repository\io\cucumber\datatable\7.18.0\datatable-7.18.0.jar;C:\Users\User\.m2\repository\io\cucumber\cucumber-plugin\7.18.0\cucumber-plugin-7.18.0.jar;C:\Users\User\.m2\repository\io\cucumber\docstring\7.18.0\docstring-7.18.0.jar;C:\Users\User\.m2\repository\io\cucumber\html-formatter\21.3.1\html-formatter-21.3.1.jar;C:\Users\User\.m2\repository\io\cucumber\junit-xml-formatter\0.4.0\junit-xml-formatter-0.4.0.jar;C:\Users\User\.m2\repository\io\cucumber\ci-environment\10.0.1\ci-environment-10.0.1.jar;C:\Users\User\.m2\repository\org\seleniumhq\selenium\selenium-java\4.21.0\selenium-java-4.21.0.jar;C:\Users\User\.m2\repository\org\seleniumhq\selenium\selenium-api\4.21.0\selenium-api-4.21.0.jar;C:\Users\User\.m2\repository\org\seleniumhq\selenium\selenium-chrome-driver\4.21.0\selenium-chrome-driver-4.21.0.jar;C:\Users\User\.m2\repository\com\google\auto\service\auto-service-annotations\1.1.1\auto-service-annotations-1.1.1.jar;C:\Users\User\.m2\repository\org\seleniumhq\selenium\selenium-chromium-driver\4.21.0\selenium-chromium-driver-4.21.0.jar;C:\Users\User\.m2\repository\org\seleniumhq\selenium\selenium-json\4.21.0\selenium-json-4.21.0.jar;C:\Users\User\.m2\repository\org\seleniumhq\selenium\selenium-manager\4.21.0\selenium-manager-4.21.0.jar;C:\Users\User\.m2\repository\org\seleniumhq\selenium\selenium-devtools-v123\4.21.0\selenium-devtools-v123-4.21.0.jar;C:\Users\User\.m2\repository\org\seleniumhq\selenium\selenium-devtools-v124\4.21.0\selenium-devtools-v124-4.21.0.jar;C:\Users\User\.m2\repository\org\seleniumhq\selenium\selenium-devtools-v125\4.21.0\selenium-devtools-v125-4.21.0.jar;C:\Users\User\.m2\repository\org\seleniumhq\selenium\selenium-devtools-v85\4.21.0\selenium-devtools-v85-4.21.0.jar;C:\Users\User\.m2\repository\org\seleniumhq\selenium\selenium-edge-driver\4.21.0\selenium-edge-driver-4.21.0.jar;C:\Users\User\.m2\repository\org\seleniumhq\selenium\selenium-firefox-driver\4.21.0\selenium-firefox-driver-4.21.0.jar;C:\Users\User\.m2\repository\org\seleniumhq\selenium\selenium-http\4.21.0\selenium-http-4.21.0.jar;C:\Users\User\.m2\repository\dev\failsafe\failsafe\3.3.2\failsafe-3.3.2.jar;C:\Users\User\.m2\repository\org\seleniumhq\selenium\selenium-ie-driver\4.21.0\selenium-ie-driver-4.21.0.jar;C:\Users\User\.m2\repository\org\seleniumhq\selenium\selenium-remote-driver\4.21.0\selenium-remote-driver-4.21.0.jar;C:\Users\User\.m2\repository\com\google\guava\guava\33.2.0-jre\guava-33.2.0-jre.jar;C:\Users\User\.m2\repository\com\google\guava\failureaccess\1.0.2\failureaccess-1.0.2.jar;C:\Users\User\.m2\repository\com\google\guava\listenablefuture\9999.0-empty-to-avoid-conflict-with-guava\listenablefuture-9999.0-empty-to-avoid-conflict-with-guava.jar;C:\Users\User\.m2\repository\com\google\code\findbugs\jsr305\3.0.2\jsr305-3.0.2.jar;C:\Users\User\.m2\repository\org\checkerframework\checker-qual\3.42.0\checker-qual-3.42.0.jar;C:\Users\User\.m2\repository\com\google\errorprone\error_prone_annotations\2.26.1\error_prone_annotations-2.26.1.jar;C:\Users\User\.m2\repository\com\google\j2objc\j2objc-annotations\3.0.0\j2objc-annotations-3.0.0.jar;C:\Users\User\.m2\repository\io\opentelemetry\semconv\opentelemetry-semconv\1.25.0-alpha\opentelemetry-semconv-1.25.0-alpha.jar;C:\Users\User\.m2\repository\io\opentelemetry\opentelemetry-api\1.38.0\opentelemetry-api-1.38.0.jar;C:\Users\User\.m2\repository\io\opentelemetry\opentelemetry-context\1.38.0\opentelemetry-context-1.38.0.jar;C:\Users\User\.m2\repository\io\opentelemetry\opentelemetry-exporter-logging\1.38.0\opentelemetry-exporter-logging-1.38.0.jar;C:\Users\User\.m2\repository\io\opentelemetry\opentelemetry-sdk-common\1.38.0\opentelemetry-sdk-common-1.38.0.jar;C:\Users\User\.m2\repository\io\opentelemetry\opentelemetry-sdk-extension-autoconfigure-spi\1.38.0\opentelemetry-sdk-extension-autoconfigure-spi-1.38.0.jar;C:\Users\User\.m2\repository\io\opentelemetry\opentelemetry-sdk-extension-autoconfigure\1.38.0\opentelemetry-sdk-extension-autoconfigure-1.38.0.jar;C:\Users\User\.m2\repository\io\opentelemetry\opentelemetry-api-incubator\1.38.0-alpha\opentelemetry-api-incubator-1.38.0-alpha.jar;C:\Users\User\.m2\repository\io\opentelemetry\opentelemetry-sdk-trace\1.38.0\opentelemetry-sdk-trace-1.38.0.jar;C:\Users\User\.m2\repository\io\opentelemetry\opentelemetry-sdk\1.38.0\opentelemetry-sdk-1.38.0.jar;C:\Users\User\.m2\repository\io\opentelemetry\opentelemetry-sdk-metrics\1.38.0\opentelemetry-sdk-metrics-1.38.0.jar;C:\Users\User\.m2\repository\io\opentelemetry\opentelemetry-sdk-logs\1.38.0\opentelemetry-sdk-logs-1.38.0.jar;C:\Users\User\.m2\repository\net\bytebuddy\byte-buddy\1.14.15\byte-buddy-1.14.15.jar;C:\Users\User\.m2\repository\org\seleniumhq\selenium\selenium-os\4.21.0\selenium-os-4.21.0.jar;C:\Users\User\.m2\repository\org\apache\commons\commons-exec\1.4.0\commons-exec-1.4.0.jar;C:\Users\User\.m2\repository\org\seleniumhq\selenium\selenium-safari-driver\4.21.0\selenium-safari-driver-4.21.0.jar;C:\Users\User\.m2\repository\org\seleniumhq\selenium\selenium-support\4.21.0\selenium-support-4.21.0.jar;C:\Users\User\.m2\repository\org\slf4j\slf4j-simple\1.7.36\slf4j-simple-1.7.36.jar;C:\Users\User\.m2\repository\org\slf4j\slf4j-api\1.7.36\slf4j-api-1.7.36.jar;C:\Users\User\.m2\repository\io\cucumber\cucumber-gherkin\7.18.0\cucumber-gherkin-7.18.0.jar;C:\Users\User\.m2\repository\junit\junit\4.13.2\junit-4.13.2.jar;C:\Users\User\.m2\repository\org\hamcrest\hamcrest-core\1.3\hamcrest-core-1.3.jar;C:\Users\User\.m2\repository\io\github\bonigarcia\webdrivermanager\5.3.1\webdrivermanager-5.3.1.jar;C:\Users\User\.m2\repository\com\google\code\gson\gson\2.10\gson-2.10.jar;C:\Users\User\.m2\repository\com\github\docker-java\docker-java\3.2.13\docker-java-3.2.13.jar;C:\Users\User\.m2\repository\com\github\docker-java\docker-java-core\3.2.13\docker-java-core-3.2.13.jar;C:\Users\User\.m2\repository\com\github\docker-java\docker-java-api\3.2.13\docker-java-api-3.2.13.jar;C:\Users\User\.m2\repository\com\fasterxml\jackson\core\jackson-annotations\2.10.3\jackson-annotations-2.10.3.jar;C:\Users\User\.m2\repository\commons-io\commons-io\2.6\commons-io-2.6.jar;C:\Users\User\.m2\repository\org\apache\commons\commons-compress\1.21\commons-compress-1.21.jar;C:\Users\User\.m2\repository\com\fasterxml\jackson\core\jackson-databind\2.10.3\jackson-databind-2.10.3.jar;C:\Users\User\.m2\repository\com\fasterxml\jackson\core\jackson-core\2.10.3\jackson-core-2.10.3.jar;C:\Users\User\.m2\repository\org\bouncycastle\bcpkix-jdk15on\1.64\bcpkix-jdk15on-1.64.jar;C:\Users\User\.m2\repository\org\bouncycastle\bcprov-jdk15on\1.64\bcprov-jdk15on-1.64.jar;C:\Users\User\.m2\repository\org\slf4j\jcl-over-slf4j\1.7.30\jcl-over-slf4j-1.7.30.jar;C:\Users\User\.m2\repository\com\github\docker-java\docker-java-transport-httpclient5\3.2.13\docker-java-transport-httpclient5-3.2.13.jar;C:\Users\User\.m2\repository\com\github\docker-java\docker-java-transport\3.2.13\docker-java-transport-3.2.13.jar;C:\Users\User\.m2\repository\net\java\dev\jna\jna\5.8.0\jna-5.8.0.jar;C:\Users\User\.m2\repository\org\brotli\dec\0.1.2\dec-0.1.2.jar;C:\Users\User\.m2\repository\org\apache\commons\commons-lang3\3.12.0\commons-lang3-3.12.0.jar;C:\Users\User\.m2\repository\org\apache\httpcomponents\client5\httpclient5\5.1.3\httpclient5-5.1.3.jar;C:\Users\User\.m2\repository\org\apache\httpcomponents\core5\httpcore5\5.1.3\httpcore5-5.1.3.jar;C:\Users\User\.m2\repository\org\apache\httpcomponents\core5\httpcore5-h2\5.1.3\httpcore5-h2-5.1.3.jar;C:\Users\User\.m2\repository\commons-codec\commons-codec\1.15\commons-codec-1.15.jar;"/>
    <property name="java.vm.vendor" value="Oracle Corporation"/>
    <property name="sun.arch.data.model" value="64"/>
    <property name="user.variant" value=""/>
    <property name="java.vendor.url" value="https://java.oracle.com/"/>
    <property name="user.timezone" value="Asia/Calcutta"/>
    <property name="os.name" value="Windows 11"/>
    <property name="java.vm.specification.version" value="17"/>
    <property name="sun.java.launcher" value="SUN_STANDARD"/>
    <property name="user.country" value="IN"/>
    <property name="sun.boot.library.path" value="C:\Program Files\Java\jdk-17\bin"/>
    <property name="sun.java.command" value="C:\Users\User\AppData\Local\Temp\surefire9449159533376186209\surefirebooter-20240623225931691_3.jar C:\Users\User\AppData\Local\Temp\surefire9449159533376186209 2024-06-23T22-59-31_524-jvmRun1 surefire-20240623225931691_1tmp surefire_0-20240623225931691_2tmp"/>
    <property name="jdk.debug" value="release"/>
    <property name="surefire.test.class.path" value="C:\Users\User\eclipse-workspace\CucumberFramework\target\test-classes;C:\Users\User\eclipse-workspace\CucumberFramework\target\classes;C:\Users\User\.m2\repository\io\cucumber\cucumber-java\7.18.0\cucumber-java-7.18.0.jar;C:\Users\User\.m2\repository\org\apiguardian\apiguardian-api\1.1.2\apiguardian-api-1.1.2.jar;C:\Users\User\.m2\repository\io\cucumber\cucumber-junit\7.18.0\cucumber-junit-7.18.0.jar;C:\Users\User\.m2\repository\io\cucumber\cucumber-core\7.18.0\cucumber-core-7.18.0.jar;C:\Users\User\.m2\repository\io\cucumber\cucumber-gherkin-messages\7.18.0\cucumber-gherkin-messages-7.18.0.jar;C:\Users\User\.m2\repository\io\cucumber\gherkin\28.0.0\gherkin-28.0.0.jar;C:\Users\User\.m2\repository\io\cucumber\messages\24.1.0\messages-24.1.0.jar;C:\Users\User\.m2\repository\io\cucumber\testng-xml-formatter\0.1.0\testng-xml-formatter-0.1.0.jar;C:\Users\User\.m2\repository\io\cucumber\query\12.2.0\query-12.2.0.jar;C:\Users\User\.m2\repository\io\cucumber\tag-expressions\6.1.0\tag-expressions-6.1.0.jar;C:\Users\User\.m2\repository\io\cucumber\cucumber-expressions\17.1.0\cucumber-expressions-17.1.0.jar;C:\Users\User\.m2\repository\io\cucumber\datatable\7.18.0\datatable-7.18.0.jar;C:\Users\User\.m2\repository\io\cucumber\cucumber-plugin\7.18.0\cucumber-plugin-7.18.0.jar;C:\Users\User\.m2\repository\io\cucumber\docstring\7.18.0\docstring-7.18.0.jar;C:\Users\User\.m2\repository\io\cucumber\html-formatter\21.3.1\html-formatter-21.3.1.jar;C:\Users\User\.m2\repository\io\cucumber\junit-xml-formatter\0.4.0\junit-xml-formatter-0.4.0.jar;C:\Users\User\.m2\repository\io\cucumber\ci-environment\10.0.1\ci-environment-10.0.1.jar;C:\Users\User\.m2\repository\org\seleniumhq\selenium\selenium-java\4.21.0\selenium-java-4.21.0.jar;C:\Users\User\.m2\repository\org\seleniumhq\selenium\selenium-api\4.21.0\selenium-api-4.21.0.jar;C:\Users\User\.m2\repository\org\seleniumhq\selenium\selenium-chrome-driver\4.21.0\selenium-chrome-driver-4.21.0.jar;C:\Users\User\.m2\repository\com\google\auto\service\auto-service-annotations\1.1.1\auto-service-annotations-1.1.1.jar;C:\Users\User\.m2\repository\org\seleniumhq\selenium\selenium-chromium-driver\4.21.0\selenium-chromium-driver-4.21.0.jar;C:\Users\User\.m2\repository\org\seleniumhq\selenium\selenium-json\4.21.0\selenium-json-4.21.0.jar;C:\Users\User\.m2\repository\org\seleniumhq\selenium\selenium-manager\4.21.0\selenium-manager-4.21.0.jar;C:\Users\User\.m2\repository\org\seleniumhq\selenium\selenium-devtools-v123\4.21.0\selenium-devtools-v123-4.21.0.jar;C:\Users\User\.m2\repository\org\seleniumhq\selenium\selenium-devtools-v124\4.21.0\selenium-devtools-v124-4.21.0.jar;C:\Users\User\.m2\repository\org\seleniumhq\selenium\selenium-devtools-v125\4.21.0\selenium-devtools-v125-4.21.0.jar;C:\Users\User\.m2\repository\org\seleniumhq\selenium\selenium-devtools-v85\4.21.0\selenium-devtools-v85-4.21.0.jar;C:\Users\User\.m2\repository\org\seleniumhq\selenium\selenium-edge-driver\4.21.0\selenium-edge-driver-4.21.0.jar;C:\Users\User\.m2\repository\org\seleniumhq\selenium\selenium-firefox-driver\4.21.0\selenium-firefox-driver-4.21.0.jar;C:\Users\User\.m2\repository\org\seleniumhq\selenium\selenium-http\4.21.0\selenium-http-4.21.0.jar;C:\Users\User\.m2\repository\dev\failsafe\failsafe\3.3.2\failsafe-3.3.2.jar;C:\Users\User\.m2\repository\org\seleniumhq\selenium\selenium-ie-driver\4.21.0\selenium-ie-driver-4.21.0.jar;C:\Users\User\.m2\repository\org\seleniumhq\selenium\selenium-remote-driver\4.21.0\selenium-remote-driver-4.21.0.jar;C:\Users\User\.m2\repository\com\google\guava\guava\33.2.0-jre\guava-33.2.0-jre.jar;C:\Users\User\.m2\repository\com\google\guava\failureaccess\1.0.2\failureaccess-1.0.2.jar;C:\Users\User\.m2\repository\com\google\guava\listenablefuture\9999.0-empty-to-avoid-conflict-with-guava\listenablefuture-9999.0-empty-to-avoid-conflict-with-guava.jar;C:\Users\User\.m2\repository\com\google\code\findbugs\jsr305\3.0.2\jsr305-3.0.2.jar;C:\Users\User\.m2\repository\org\checkerframework\checker-qual\3.42.0\checker-qual-3.42.0.jar;C:\Users\User\.m2\repository\com\google\errorprone\error_prone_annotations\2.26.1\error_prone_annotations-2.26.1.jar;C:\Users\User\.m2\repository\com\google\j2objc\j2objc-annotations\3.0.0\j2objc-annotations-3.0.0.jar;C:\Users\User\.m2\repository\io\opentelemetry\semconv\opentelemetry-semconv\1.25.0-alpha\opentelemetry-semconv-1.25.0-alpha.jar;C:\Users\User\.m2\repository\io\opentelemetry\opentelemetry-api\1.38.0\opentelemetry-api-1.38.0.jar;C:\Users\User\.m2\repository\io\opentelemetry\opentelemetry-context\1.38.0\opentelemetry-context-1.38.0.jar;C:\Users\User\.m2\repository\io\opentelemetry\opentelemetry-exporter-logging\1.38.0\opentelemetry-exporter-logging-1.38.0.jar;C:\Users\User\.m2\repository\io\opentelemetry\opentelemetry-sdk-common\1.38.0\opentelemetry-sdk-common-1.38.0.jar;C:\Users\User\.m2\repository\io\opentelemetry\opentelemetry-sdk-extension-autoconfigure-spi\1.38.0\opentelemetry-sdk-extension-autoconfigure-spi-1.38.0.jar;C:\Users\User\.m2\repository\io\opentelemetry\opentelemetry-sdk-extension-autoconfigure\1.38.0\opentelemetry-sdk-extension-autoconfigure-1.38.0.jar;C:\Users\User\.m2\repository\io\opentelemetry\opentelemetry-api-incubator\1.38.0-alpha\opentelemetry-api-incubator-1.38.0-alpha.jar;C:\Users\User\.m2\repository\io\opentelemetry\opentelemetry-sdk-trace\1.38.0\opentelemetry-sdk-trace-1.38.0.jar;C:\Users\User\.m2\repository\io\opentelemetry\opentelemetry-sdk\1.38.0\opentelemetry-sdk-1.38.0.jar;C:\Users\User\.m2\repository\io\opentelemetry\opentelemetry-sdk-metrics\1.38.0\opentelemetry-sdk-metrics-1.38.0.jar;C:\Users\User\.m2\repository\io\opentelemetry\opentelemetry-sdk-logs\1.38.0\opentelemetry-sdk-logs-1.38.0.jar;C:\Users\User\.m2\repository\net\bytebuddy\byte-buddy\1.14.15\byte-buddy-1.14.15.jar;C:\Users\User\.m2\repository\org\seleniumhq\selenium\selenium-os\4.21.0\selenium-os-4.21.0.jar;C:\Users\User\.m2\repository\org\apache\commons\commons-exec\1.4.0\commons-exec-1.4.0.jar;C:\Users\User\.m2\repository\org\seleniumhq\selenium\selenium-safari-driver\4.21.0\selenium-safari-driver-4.21.0.jar;C:\Users\User\.m2\repository\org\seleniumhq\selenium\selenium-support\4.21.0\selenium-support-4.21.0.jar;C:\Users\User\.m2\repository\org\slf4j\slf4j-simple\1.7.36\slf4j-simple-1.7.36.jar;C:\Users\User\.m2\repository\org\slf4j\slf4j-api\1.7.36\slf4j-api-1.7.36.jar;C:\Users\User\.m2\repository\io\cucumber\cucumber-gherkin\7.18.0\cucumber-gherkin-7.18.0.jar;C:\Users\User\.m2\repository\junit\junit\4.13.2\junit-4.13.2.jar;C:\Users\User\.m2\repository\org\hamcrest\hamcrest-core\1.3\hamcrest-core-1.3.jar;C:\Users\User\.m2\repository\io\github\bonigarcia\webdrivermanager\5.3.1\webdrivermanager-5.3.1.jar;C:\Users\User\.m2\repository\com\google\code\gson\gson\2.10\gson-2.10.jar;C:\Users\User\.m2\repository\com\github\docker-java\docker-java\3.2.13\docker-java-3.2.13.jar;C:\Users\User\.m2\repository\com\github\docker-java\docker-java-core\3.2.13\docker-java-core-3.2.13.jar;C:\Users\User\.m2\repository\com\github\docker-java\docker-java-api\3.2.13\docker-java-api-3.2.13.jar;C:\Users\User\.m2\repository\com\fasterxml\jackson\core\jackson-annotations\2.10.3\jackson-annotations-2.10.3.jar;C:\Users\User\.m2\repository\commons-io\commons-io\2.6\commons-io-2.6.jar;C:\Users\User\.m2\repository\org\apache\commons\commons-compress\1.21\commons-compress-1.21.jar;C:\Users\User\.m2\repository\com\fasterxml\jackson\core\jackson-databind\2.10.3\jackson-databind-2.10.3.jar;C:\Users\User\.m2\repository\com\fasterxml\jackson\core\jackson-core\2.10.3\jackson-core-2.10.3.jar;C:\Users\User\.m2\repository\org\bouncycastle\bcpkix-jdk15on\1.64\bcpkix-jdk15on-1.64.jar;C:\Users\User\.m2\repository\org\bouncycastle\bcprov-jdk15on\1.64\bcprov-jdk15on-1.64.jar;C:\Users\User\.m2\repository\org\slf4j\jcl-over-slf4j\1.7.30\jcl-over-slf4j-1.7.30.jar;C:\Users\User\.m2\repository\com\github\docker-java\docker-java-transport-httpclient5\3.2.13\docker-java-transport-httpclient5-3.2.13.jar;C:\Users\User\.m2\repository\com\github\docker-java\docker-java-transport\3.2.13\docker-java-transport-3.2.13.jar;C:\Users\User\.m2\repository\net\java\dev\jna\jna\5.8.0\jna-5.8.0.jar;C:\Users\User\.m2\repository\org\brotli\dec\0.1.2\dec-0.1.2.jar;C:\Users\User\.m2\repository\org\apache\commons\commons-lang3\3.12.0\commons-lang3-3.12.0.jar;C:\Users\User\.m2\repository\org\apache\httpcomponents\client5\httpclient5\5.1.3\httpclient5-5.1.3.jar;C:\Users\User\.m2\repository\org\apache\httpcomponents\core5\httpcore5\5.1.3\httpcore5-5.1.3.jar;C:\Users\User\.m2\repository\org\apache\httpcomponents\core5\httpcore5-h2\5.1.3\httpcore5-h2-5.1.3.jar;C:\Users\User\.m2\repository\commons-codec\commons-codec\1.15\commons-codec-1.15.jar;"/>
    <property name="sun.cpu.endian" value="little"/>
    <property name="user.home" value="C:\Users\User"/>
    <property name="user.language" value="en"/>
    <property name="java.specification.vendor" value="Oracle Corporation"/>
    <property name="java.version.date" value="2023-10-17"/>
    <property name="java.home" value="C:\Program Files\Java\jdk-17"/>
    <property name="file.separator" value="\"/>
    <property name="style.color" value="always"/>
    <property name="basedir" value="C:\Users\User\eclipse-workspace\CucumberFramework"/>
    <property name="java.vm.compressedOopsMode" value="Zero based"/>
    <property name="line.separator" value="&#10;"/>
    <property name="java.vm.specification.vendor" value="Oracle Corporation"/>
    <property name="java.specification.name" value="Java Platform API Specification"/>
    <property name="surefire.real.class.path" value="C:\Users\User\AppData\Local\Temp\surefire9449159533376186209\surefirebooter-20240623225931691_3.jar"/>
    <property name="user.script" value=""/>
    <property name="sun.management.compiler" value="HotSpot 64-Bit Tiered Compilers"/>
    <property name="java.runtime.version" value="17.0.9+11-LTS-201"/>
    <property name="user.name" value="User"/>
    <property name="path.separator" value=";"/>
    <property name="os.version" value="10.0"/>
    <property name="java.runtime.name" value="Java(TM) SE Runtime Environment"/>
    <property name="file.encoding" value="Cp1252"/>
    <property name="java.vm.name" value="Java HotSpot(TM) 64-Bit Server VM"/>
    <property name="localRepository" value="C:\Users\User\.m2\repository"/>
    <property name="java.vendor.url.bug" value="https://bugreport.java.com/bugreport/"/>
    <property name="java.io.tmpdir" value="C:\Users\User\AppData\Local\Temp\"/>
    <property name="java.version" value="17.0.9"/>
    <property name="user.dir" value="C:\Users\User\eclipse-workspace\CucumberFramework"/>
    <property name="os.arch" value="amd64"/>
    <property name="java.vm.specification.name" value="Java Virtual Machine Specification"/>
    <property name="sun.os.patch.level" value=""/>
    <property name="native.encoding" value="Cp1252"/>
    <property name="java.library.path" value="C:\Program Files\Java\jdk-17\bin;C:\windows\Sun\Java\bin;C:\windows\system32;C:\windows;C:\Program Files\Common Files\Oracle\Java\javapath;C:\Program Files\Java\scripts;C:\windows\system32;C:\windows;C:\windows\System32\Wbem;C:\windows\System32\WindowsPowerShell\v1.0\;C:\windows\System32\OpenSSH\;C:\Program Files\MySQL\MySQL Server 8.0\bin;C:\Program Files\nodejs\;C:\Program Files\Git\cmd;C:\Program Files (x86)\Bitvise SSH Client;C:\Users\User\Downloads\apache-maven-3.9.2-bin\apache-maven-3.9.2\bin;C:\Users\User\Downloads\allure-commandline-2.22.1\allure-2.22.1\bin;C:\Program Files\Java\jdk-17\bin;C:\Users\User\Downloads\jdk-18_windows-x64_bin\jdk-18.0.2.1\bin;C:\Program Files\Maven\apache-maven-3.9.6\bin;C:\Users\User\AppData\Local\Programs\Python\Python311\Scripts\;C:\Users\User\AppData\Local\Programs\Python\Python311\;C:\Users\User\AppData\Local\Programs\Microsoft VS Code\bin;."/>
    <property name="java.vm.info" value="mixed mode, sharing"/>
    <property name="java.vendor" value="Oracle Corporation"/>
    <property name="java.vm.version" value="17.0.9+11-LTS-201"/>
    <property name="sun.io.unicode.encoding" value="UnicodeLittle"/>
    <property name="java.class.version" value="61.0"/>
  </properties>
  <testcase name="Login with valid credentials" classname="Login functionality" time="5.575">
    <system-out><![CDATA[
Scenario: Login with valid credentials                                             &amp#27;[90m# src/test/resources/features/Login.feature:3&amp#27;[0m
  &amp#27;[32mGiven &amp#27;[0m&amp#27;[32mUser navigate to login page&amp#27;[0m                                                &amp#27;[90m# stepdefinitions.Login.User_navigate_to_login_page()&amp#27;[0m
  &amp#27;[32mWhen &amp#27;[0m&amp#27;[32mUser enters valid email address &amp#27;[0m&amp#27;[32m&amp#27;[1m"urbanrohita071@gmail.com"&amp#27;[0m&amp#27;[32m into email field&amp#27;[0m &amp#27;[90m# stepdefinitions.Login.User_enters_valid_email_address_into_email_field(java.lang.String)&amp#27;[0m
  &amp#27;[32mAnd &amp#27;[0m&amp#27;[32mUser enters valid password &amp#27;[0m&amp#27;[32m&amp#27;[1m"123456"&amp#27;[0m&amp#27;[32m into password field&amp#27;[0m                      &amp#27;[90m# stepdefinitions.Login.user_enters_valid_password_into_password_field(java.lang.String)&amp#27;[0m
  &amp#27;[32mAnd &amp#27;[0m&amp#27;[32mUser clicks on login button&amp#27;[0m                                                  &amp#27;[90m# stepdefinitions.Login.user_clicks_on_login_button()&amp#27;[0m
  &amp#27;[32mThen &amp#27;[0m&amp#27;[32mUser should get successfully logged in&amp#27;[0m                                      &amp#27;[90m# stepdefinitions.Login.user_should_get_successfully_logged_in()&amp#27;[0m
]]></system-out>
    <system-err><![CDATA[Jun 23, 2024 10:59:34 PM org.openqa.selenium.devtools.CdpVersionFinder findNearestMatch
WARNING: Unable to find an exact match for CDP version 126, returning the closest version; found: 125; Please update to a Selenium version that supports CDP version 126
]]></system-err>
  </testcase>
  <testcase name="Login with invalid credentials" classname="Login functionality" time="8.673">
    <system-out><![CDATA[
Scenario: Login with invalid credentials                                   &amp#27;[90m# src/test/resources/features/Login.feature:10&amp#27;[0m
  &amp#27;[32mGiven &amp#27;[0m&amp#27;[32mUser navigate to login page&amp#27;[0m                                        &amp#27;[90m# stepdefinitions.Login.User_navigate_to_login_page()&amp#27;[0m
  &amp#27;[32mWhen &amp#27;[0m&amp#27;[32mUser enters invalid email address into email field&amp#27;[0m                  &amp#27;[90m# stepdefinitions.Login.user_enters_invalid_email_address_into_email_filed()&amp#27;[0m
  &amp#27;[32mAnd &amp#27;[0m&amp#27;[32mUser enters invalid password &amp#27;[0m&amp#27;[32m&amp#27;[1m"124537833"&amp#27;[0m&amp#27;[32m into password field&amp#27;[0m         &amp#27;[90m# stepdefinitions.Login.user_enters_invalid_password_into_password_filed(java.lang.String)&amp#27;[0m
  &amp#27;[32mAnd &amp#27;[0m&amp#27;[32mUser clicks on login button&amp#27;[0m                                          &amp#27;[90m# stepdefinitions.Login.user_clicks_on_login_button()&amp#27;[0m
  &amp#27;[32mThen &amp#27;[0m&amp#27;[32mUser should get a proper warning message about credentials mismatch&amp#27;[0m &amp#27;[90m# stepdefinitions.Login.user_should_get_a_proper_warning_message_about_credentials_mismatch()&amp#27;[0m
]]></system-out>
    <system-err><![CDATA[Jun 23, 2024 10:59:43 PM org.openqa.selenium.devtools.CdpVersionFinder findNearestMatch
WARNING: Unable to find an exact match for CDP version 126, returning the closest version; found: 125; Please update to a Selenium version that supports CDP version 126
]]></system-err>
  </testcase>
  <testcase name="Login with invalid username and valid password" classname="Login functionality" time="8.216">
    <system-out><![CDATA[
Scenario: Login with invalid username and valid password                   &amp#27;[90m# src/test/resources/features/Login.feature:17&amp#27;[0m
  &amp#27;[32mGiven &amp#27;[0m&amp#27;[32mUser navigate to login page&amp#27;[0m                                        &amp#27;[90m# stepdefinitions.Login.User_navigate_to_login_page()&amp#27;[0m
  &amp#27;[32mWhen &amp#27;[0m&amp#27;[32mUser enters invalid email address into email field&amp#27;[0m                  &amp#27;[90m# stepdefinitions.Login.user_enters_invalid_email_address_into_email_filed()&amp#27;[0m
  &amp#27;[32mAnd &amp#27;[0m&amp#27;[32mUser enters valid password &amp#27;[0m&amp#27;[32m&amp#27;[1m"123345"&amp#27;[0m&amp#27;[32m into password field&amp#27;[0m              &amp#27;[90m# stepdefinitions.Login.user_enters_valid_password_into_password_field(java.lang.String)&amp#27;[0m
  &amp#27;[32mAnd &amp#27;[0m&amp#27;[32mUser clicks on login button&amp#27;[0m                                          &amp#27;[90m# stepdefinitions.Login.user_clicks_on_login_button()&amp#27;[0m
  &amp#27;[32mThen &amp#27;[0m&amp#27;[32mUser should get a proper warning message about credentials mismatch&amp#27;[0m &amp#27;[90m# stepdefinitions.Login.user_should_get_a_proper_warning_message_about_credentials_mismatch()&amp#27;[0m
]]></system-out>
    <system-err><![CDATA[Jun 23, 2024 10:59:51 PM org.openqa.selenium.devtools.CdpVersionFinder findNearestMatch
WARNING: Unable to find an exact match for CDP version 126, returning the closest version; found: 125; Please update to a Selenium version that supports CDP version 126
]]></system-err>
  </testcase>
  <testcase name="Login with valid username and invalid password" classname="Login functionality" time="7.496">
    <system-out><![CDATA[
Scenario: Login with valid username and invalid password                           &amp#27;[90m# src/test/resources/features/Login.feature:24&amp#27;[0m
  &amp#27;[32mGiven &amp#27;[0m&amp#27;[32mUser navigate to login page&amp#27;[0m                                                &amp#27;[90m# stepdefinitions.Login.User_navigate_to_login_page()&amp#27;[0m
  &amp#27;[32mWhen &amp#27;[0m&amp#27;[32mUser enters valid email address &amp#27;[0m&amp#27;[32m&amp#27;[1m"urbanrohita071@gmail.com"&amp#27;[0m&amp#27;[32m into email field&amp#27;[0m &amp#27;[90m# stepdefinitions.Login.User_enters_valid_email_address_into_email_field(java.lang.String)&amp#27;[0m
  &amp#27;[32mAnd &amp#27;[0m&amp#27;[32mUser enters invalid password &amp#27;[0m&amp#27;[32m&amp#27;[1m"23211"&amp#27;[0m&amp#27;[32m into password field&amp#27;[0m                     &amp#27;[90m# stepdefinitions.Login.user_enters_invalid_password_into_password_filed(java.lang.String)&amp#27;[0m
  &amp#27;[32mAnd &amp#27;[0m&amp#27;[32mUser clicks on login button&amp#27;[0m                                                  &amp#27;[90m# stepdefinitions.Login.user_clicks_on_login_button()&amp#27;[0m
  &amp#27;[32mThen &amp#27;[0m&amp#27;[32mUser should get a proper warning message about credentials mismatch&amp#27;[0m         &amp#27;[90m# stepdefinitions.Login.user_should_get_a_proper_warning_message_about_credentials_mismatch()&amp#27;[0m
]]></system-out>
    <system-err><![CDATA[Jun 23, 2024 10:59:56 PM org.openqa.selenium.devtools.CdpVersionFinder findNearestMatch
WARNING: Unable to find an exact match for CDP version 126, returning the closest version; found: 125; Please update to a Selenium version that supports CDP version 126
]]></system-err>
  </testcase>
  <testcase name="Login without providing any credentails" classname="Login functionality" time="4.626">
    <system-out><![CDATA[
Scenario: Login without providing any credentails                          &amp#27;[90m# src/test/resources/features/Login.feature:32&amp#27;[0m
  &amp#27;[32mGiven &amp#27;[0m&amp#27;[32mUser navigate to login page&amp#27;[0m                                        &amp#27;[90m# stepdefinitions.Login.User_navigate_to_login_page()&amp#27;[0m
  &amp#27;[32mWhen &amp#27;[0m&amp#27;[32mUser dont enters the email address into the email field&amp#27;[0m             &amp#27;[90m# stepdefinitions.Login.user_dont_enters_the_email_address_into_the_email_filed()&amp#27;[0m
  &amp#27;[32mAnd &amp#27;[0m&amp#27;[32mUser dont enters the password into the passowrd field&amp#27;[0m                &amp#27;[90m# stepdefinitions.Login.user_dont_enters_the_password_into_the_passowrd_field()&amp#27;[0m
  &amp#27;[32mAnd &amp#27;[0m&amp#27;[32mUser clicks on login button&amp#27;[0m                                          &amp#27;[90m# stepdefinitions.Login.user_clicks_on_login_button()&amp#27;[0m
  &amp#27;[32mThen &amp#27;[0m&amp#27;[32mUser should get a proper warning message about credentials mismatch&amp#27;[0m &amp#27;[90m# stepdefinitions.Login.user_should_get_a_proper_warning_message_about_credentials_mismatch()&amp#27;[0m
]]></system-out>
    <system-err><![CDATA[Jun 23, 2024 11:00:03 PM org.openqa.selenium.devtools.CdpVersionFinder findNearestMatch
WARNING: Unable to find an exact match for CDP version 126, returning the closest version; found: 125; Please update to a Selenium version that supports CDP version 126
]]></system-err>
  </testcase>
  <testcase name="User creates an account only with mandatroy fields" classname="Registration functionality" time="5.085">
    <system-out><![CDATA[
Scenario: User creates an account only with mandatroy fields &amp#27;[90m# src/test/resources/features/Register.feature:3&amp#27;[0m
  &amp#27;[32mGiven &amp#27;[0m&amp#27;[32mUser navigates to Register into below fields&amp#27;[0m         &amp#27;[90m# stepdefinitions.Register.user_navigates_to_register_into_below_fields()&amp#27;[0m
  &amp#27;[32mWhen &amp#27;[0m&amp#27;[32mUser enters the details into below fields&amp#27;[0m             &amp#27;[90m# stepdefinitions.Register.user_enters_the_details_into_below_fields(io.cucumber.datatable.DataTable)&amp#27;[0m
    | firstName | Rohit      |
    | lastName  | Kumar      |
    | telephone | 9876543222 |
    | password  | 12345      |
  &amp#27;[32mAnd &amp#27;[0m&amp#27;[32muser selects Privacy Policy&amp#27;[0m                            &amp#27;[90m# stepdefinitions.Register.user_selects_privacy_policy()&amp#27;[0m
  &amp#27;[32mAnd &amp#27;[0m&amp#27;[32mUser clicks on Continue button&amp#27;[0m                         &amp#27;[90m# stepdefinitions.Register.user_clicks_on_continue_button()&amp#27;[0m
  &amp#27;[32mThen &amp#27;[0m&amp#27;[32mUser account should get created successfully&amp#27;[0m          &amp#27;[90m# stepdefinitions.Register.user_account_should_get_created_successfully()&amp#27;[0m
]]></system-out>
    <system-err><![CDATA[Jun 23, 2024 11:00:08 PM org.openqa.selenium.devtools.CdpVersionFinder findNearestMatch
WARNING: Unable to find an exact match for CDP version 126, returning the closest version; found: 125; Please update to a Selenium version that supports CDP version 126
]]></system-err>
  </testcase>
  <testcase name="User creates an account with all fields" classname="Registration functionality" time="4.988">
    <system-out><![CDATA[
Scenario: User creates an account with all fields    &amp#27;[90m# src/test/resources/features/Register.feature:14&amp#27;[0m
  &amp#27;[32mGiven &amp#27;[0m&amp#27;[32mUser navigates to Register into below fields&amp#27;[0m &amp#27;[90m# stepdefinitions.Register.user_navigates_to_register_into_below_fields()&amp#27;[0m
  &amp#27;[32mWhen &amp#27;[0m&amp#27;[32mUser enters the details into below fields&amp#27;[0m     &amp#27;[90m# stepdefinitions.Register.user_enters_the_details_into_below_fields(io.cucumber.datatable.DataTable)&amp#27;[0m
    | firstName | Rohit                       |
    | lastName  | Kumar                       |
    | email     | urbanrohita072533@gmail.com |
    | telephone | 9876543222                  |
    | password  | 12345                       |
  &amp#27;[32mAnd &amp#27;[0m&amp#27;[32muser selects Yes for Newsletter&amp#27;[0m                &amp#27;[90m# stepdefinitions.Register.user_selects_yes_for_newsletter()&amp#27;[0m
  &amp#27;[32mAnd &amp#27;[0m&amp#27;[32muser selects Privacy Policy&amp#27;[0m                    &amp#27;[90m# stepdefinitions.Register.user_selects_privacy_policy()&amp#27;[0m
  &amp#27;[32mAnd &amp#27;[0m&amp#27;[32mUser clicks on Continue button&amp#27;[0m                 &amp#27;[90m# stepdefinitions.Register.user_clicks_on_continue_button()&amp#27;[0m
  &amp#27;[32mThen &amp#27;[0m&amp#27;[32mUser account should get created successfully&amp#27;[0m  &amp#27;[90m# stepdefinitions.Register.user_account_should_get_created_successfully()&amp#27;[0m
]]></system-out>
    <system-err><![CDATA[Jun 23, 2024 11:00:13 PM org.openqa.selenium.devtools.CdpVersionFinder findNearestMatch
WARNING: Unable to find an exact match for CDP version 126, returning the closest version; found: 125; Please update to a Selenium version that supports CDP version 126
]]></system-err>
  </testcase>
  <testcase name="User creates a duplicate account" classname="Registration functionality" time="5.181">
    <system-out><![CDATA[
Scenario: User creates a duplicate account                            &amp#27;[90m# src/test/resources/features/Register.feature:27&amp#27;[0m
  &amp#27;[32mGiven &amp#27;[0m&amp#27;[32mUser navigates to Register into below fields&amp#27;[0m                  &amp#27;[90m# stepdefinitions.Register.user_navigates_to_register_into_below_fields()&amp#27;[0m
  &amp#27;[32mWhen &amp#27;[0m&amp#27;[32mUser enters the details into below fields with duplicate email&amp#27;[0m &amp#27;[90m# stepdefinitions.Register.user_enters_the_details_into_below_fields_with_duplicate_email(io.cucumber.datatable.DataTable)&amp#27;[0m
    | firstName | Rohit                     |
    | lastName  | Kumar                     |
    | email     | urbanrohita0444@gmail.com |
    | telephone | 9876543223                |
    | password  | 12345                     |
  &amp#27;[32mAnd &amp#27;[0m&amp#27;[32muser selects Yes for Newsletter&amp#27;[0m                                 &amp#27;[90m# stepdefinitions.Register.user_selects_yes_for_newsletter()&amp#27;[0m
  &amp#27;[32mAnd &amp#27;[0m&amp#27;[32muser selects Privacy Policy&amp#27;[0m                                     &amp#27;[90m# stepdefinitions.Register.user_selects_privacy_policy()&amp#27;[0m
  &amp#27;[32mAnd &amp#27;[0m&amp#27;[32mUser clicks on Continue button&amp#27;[0m                                  &amp#27;[90m# stepdefinitions.Register.user_clicks_on_continue_button()&amp#27;[0m
  &amp#27;[32mThen &amp#27;[0m&amp#27;[32muser should get a proper warning about duplicate email&amp#27;[0m         &amp#27;[90m# stepdefinitions.Register.user_should_get_a_proper_warning_about_duplicate_email()&amp#27;[0m
]]></system-out>
    <system-err><![CDATA[Jun 23, 2024 11:00:18 PM org.openqa.selenium.devtools.CdpVersionFinder findNearestMatch
WARNING: Unable to find an exact match for CDP version 126, returning the closest version; found: 125; Please update to a Selenium version that supports CDP version 126
]]></system-err>
  </testcase>
  <testcase name="user creates an account without filling any details" classname="Registration functionality" time="4.123">
    <system-out><![CDATA[
Scenario: user creates an account without filling any details           &amp#27;[90m# src/test/resources/features/Register.feature:40&amp#27;[0m
  &amp#27;[32mGiven &amp#27;[0m&amp#27;[32mUser navigates to Register into below fields&amp#27;[0m                    &amp#27;[90m# stepdefinitions.Register.user_navigates_to_register_into_below_fields()&amp#27;[0m
  &amp#27;[32mWhen &amp#27;[0m&amp#27;[32muser dont enter any details into fileds&amp#27;[0m                          &amp#27;[90m# stepdefinitions.Register.user_dont_enter_any_details_into_fileds()&amp#27;[0m
  &amp#27;[32mAnd &amp#27;[0m&amp#27;[32mUser clicks on Continue button&amp#27;[0m                                    &amp#27;[90m# stepdefinitions.Register.user_clicks_on_continue_button()&amp#27;[0m
  &amp#27;[32mThen &amp#27;[0m&amp#27;[32muser should get proper warning message for every mandatory field&amp#27;[0m &amp#27;[90m# stepdefinitions.Register.user_should_get_proper_warning_message_for_every_mandatory_field()&amp#27;[0m
]]></system-out>
    <system-err><![CDATA[Jun 23, 2024 11:00:23 PM org.openqa.selenium.devtools.CdpVersionFinder findNearestMatch
WARNING: Unable to find an exact match for CDP version 126, returning the closest version; found: 125; Please update to a Selenium version that supports CDP version 126
]]></system-err>
  </testcase>
  <testcase name="User searches for a valid product" classname="Search functionality" time="7.569">
    <system-out><![CDATA[
Scenario: User searches for a valid product                      &amp#27;[90m# src/test/resources/features/Search.feature:3&amp#27;[0m
  &amp#27;[32mGiven &amp#27;[0m&amp#27;[32muser opens the Application&amp#27;[0m                               &amp#27;[90m# stepdefinitions.Search.user_opens_the_application()&amp#27;[0m
  &amp#27;[32mWhen &amp#27;[0m&amp#27;[32muser enter valid product &amp#27;[0m&amp#27;[32m&amp#27;[1m"HP"&amp#27;[0m&amp#27;[32m into Search box field&amp#27;[0m       &amp#27;[90m# stepdefinitions.Search.user_enter_valid_product_into_search_box_field(java.lang.String)&amp#27;[0m
  &amp#27;[32mAnd &amp#27;[0m&amp#27;[32muser clicks on Search button&amp#27;[0m                               &amp#27;[90m# stepdefinitions.Search.user_clicks_on_search_button()&amp#27;[0m
  &amp#27;[32mThen &amp#27;[0m&amp#27;[32muser should get valid product displayed in search results&amp#27;[0m &amp#27;[90m# stepdefinitions.Search.user_should_get_valid_product_displayed_in_search_results()&amp#27;[0m
]]></system-out>
    <system-err><![CDATA[Jun 23, 2024 11:00:31 PM org.openqa.selenium.devtools.CdpVersionFinder findNearestMatch
WARNING: Unable to find an exact match for CDP version 126, returning the closest version; found: 125; Please update to a Selenium version that supports CDP version 126
]]></system-err>
  </testcase>
  <testcase name="user searches for an invalid product" classname="Search functionality" time="8.065">
    <system-out><![CDATA[
Scenario: user searches for an invalid product                   &amp#27;[90m# src/test/resources/features/Search.feature:9&amp#27;[0m
  &amp#27;[32mGiven &amp#27;[0m&amp#27;[32muser opens the Application&amp#27;[0m                               &amp#27;[90m# stepdefinitions.Search.user_opens_the_application()&amp#27;[0m
  &amp#27;[32mWhen &amp#27;[0m&amp#27;[32muser enters invalid product &amp#27;[0m&amp#27;[32m&amp#27;[1m"Honda"&amp#27;[0m&amp#27;[32m into search box field&amp#27;[0m &amp#27;[90m# stepdefinitions.Search.user_enters_invalid_product_into_search_box_field(java.lang.String)&amp#27;[0m
  &amp#27;[32mAnd &amp#27;[0m&amp#27;[32muser clicks on Search button&amp#27;[0m                               &amp#27;[90m# stepdefinitions.Search.user_clicks_on_search_button()&amp#27;[0m
  &amp#27;[32mThen &amp#27;[0m&amp#27;[32muser should get a message about no product matching&amp#27;[0m       &amp#27;[90m# stepdefinitions.Search.user_should_get_a_message_about_no_product_matching()&amp#27;[0m
]]></system-out>
    <system-err><![CDATA[Jun 23, 2024 11:00:39 PM org.openqa.selenium.devtools.CdpVersionFinder findNearestMatch
WARNING: Unable to find an exact match for CDP version 126, returning the closest version; found: 125; Please update to a Selenium version that supports CDP version 126
]]></system-err>
  </testcase>
  <testcase name="user searches without any product" classname="Search functionality" time="8.163">
    <system-out><![CDATA[
Scenario: user searches without any product                   &amp#27;[90m# src/test/resources/features/Search.feature:15&amp#27;[0m
  &amp#27;[32mGiven &amp#27;[0m&amp#27;[32muser opens the Application&amp#27;[0m                            &amp#27;[90m# stepdefinitions.Search.user_opens_the_application()&amp#27;[0m
  &amp#27;[32mWhen &amp#27;[0m&amp#27;[32muser dont enter any product name into search box field&amp#27;[0m &amp#27;[90m# stepdefinitions.Search.user_dont_enter_any_product_name_into_search_box_field()&amp#27;[0m
  &amp#27;[32mAnd &amp#27;[0m&amp#27;[32muser clicks on Search button&amp#27;[0m                            &amp#27;[90m# stepdefinitions.Search.user_clicks_on_search_button()&amp#27;[0m
  &amp#27;[32mThen &amp#27;[0m&amp#27;[32muser should get a message about no product matching&amp#27;[0m    &amp#27;[90m# stepdefinitions.Search.user_should_get_a_message_about_no_product_matching()&amp#27;[0m
]]></system-out>
    <system-err><![CDATA[Jun 23, 2024 11:00:47 PM org.openqa.selenium.devtools.CdpVersionFinder findNearestMatch
WARNING: Unable to find an exact match for CDP version 126, returning the closest version; found: 125; Please update to a Selenium version that supports CDP version 126
]]></system-err>
  </testcase>
</testsuite>