<?xml version="1.0" encoding="UTF-8"?>
<!-- Generated by org.testng.reporters.JUnitReportReporter -->
<testsuite hostname="Rohit" failures="0" tests="12" name="runner.TestRunner" time="76.738" errors="0" timestamp="2024-07-29T15:22:57 IST" skipped="0">
  <testcase classname="runner.TestRunner" name="runScenario" time="5.559"/>
  <testcase classname="runner.TestRunner" name="runScenario" time="7.494"/>
  <testcase classname="runner.TestRunner" name="runScenario" time="8.918"/>
  <testcase classname="runner.TestRunner" name="runScenario" time="7.316"/>
  <testcase classname="runner.TestRunner" name="runScenario" time="5.035"/>
  <testcase classname="runner.TestRunner" name="runScenario" time="7.294"/>
  <testcase classname="runner.TestRunner" name="runScenario" time="4.514"/>
  <testcase classname="runner.TestRunner" name="runScenario" time="5.183"/>
  <testcase classname="runner.TestRunner" name="runScenario" time="6.312"/>
  <testcase classname="runner.TestRunner" name="runScenario" time="5.851"/>
  <testcase classname="runner.TestRunner" name="runScenario" time="7.212"/>
  <testcase classname="runner.TestRunner" name="runScenario" time="6.050"/>
</testsuite> <!-- runner.TestRunner -->
