<?xml version="1.0" encoding="UTF-8"?>
<!-- Generated by org.testng.reporters.JUnitReportReporter -->
<testsuite hostname="Rohit" failures="0" tests="12" name="runner.TestRunner" time="70.808" errors="0" timestamp="2024-07-29T11:16:02 IST" skipped="0">
  <testcase classname="runner.TestRunner" name="runScenario" time="5.231"/>
  <testcase classname="runner.TestRunner" name="runScenario" time="4.754"/>
  <testcase classname="runner.TestRunner" name="runScenario" time="3.832"/>
  <testcase classname="runner.TestRunner" name="runScenario" time="5.832"/>
  <testcase classname="runner.TestRunner" name="runScenario" time="5.401"/>
  <testcase classname="runner.TestRunner" name="runScenario" time="6.965"/>
  <testcase classname="runner.TestRunner" name="runScenario" time="5.513"/>
  <testcase classname="runner.TestRunner" name="runScenario" time="5.459"/>
  <testcase classname="runner.TestRunner" name="runScenario" time="10.295"/>
  <testcase classname="runner.TestRunner" name="runScenario" time="5.520"/>
  <testcase classname="runner.TestRunner" name="runScenario" time="4.578"/>
  <testcase classname="runner.TestRunner" name="runScenario" time="7.428"/>
</testsuite> <!-- runner.TestRunner -->
