<?xml version="1.0" encoding="UTF-8"?>
<!-- Generated by org.testng.reporters.JUnitReportReporter -->
<testsuite hostname="Rohit" failures="0" tests="12" name="runner.TestRunner" time="68.297" errors="0" timestamp="2024-07-29T11:20:31 IST" skipped="0">
  <testcase classname="runner.TestRunner" name="runScenario" time="7.636"/>
  <testcase classname="runner.TestRunner" name="runScenario" time="8.666"/>
  <testcase classname="runner.TestRunner" name="runScenario" time="5.931"/>
  <testcase classname="runner.TestRunner" name="runScenario" time="4.911"/>
  <testcase classname="runner.TestRunner" name="runScenario" time="4.979"/>
  <testcase classname="runner.TestRunner" name="runScenario" time="4.705"/>
  <testcase classname="runner.TestRunner" name="runScenario" time="3.818"/>
  <testcase classname="runner.TestRunner" name="runScenario" time="5.089"/>
  <testcase classname="runner.TestRunner" name="runScenario" time="5.896"/>
  <testcase classname="runner.TestRunner" name="runScenario" time="6.387"/>
  <testcase classname="runner.TestRunner" name="runScenario" time="4.284"/>
  <testcase classname="runner.TestRunner" name="runScenario" time="5.995"/>
</testsuite> <!-- runner.TestRunner -->
